<?xml version="1.0" encoding="UTF-8"?>
<testsuite xmlns:xsi="http://www.w3.org/2001/XMLSchema-instance" xsi:noNamespaceSchemaLocation="https://maven.apache.org/surefire/maven-surefire-plugin/xsd/surefire-test-report-3.0.xsd" version="3.0" name="Lt.Inventarios.InventariosApplicationTests" time="24.849" tests="1" errors="0" skipped="0" failures="0">
  <properties>
[...]
</properties>
  <testcase name="contextLoads" classname="Lt.Inventarios.InventariosApplicationTests" time="1.068">
    <system-out><![CDATA[13:13:48.398 [main] INFO org.springframework.test.context.support.AnnotationConfigContextLoaderUtils -- Could not detect default configuration classes for test class [Lt.Inventarios.InventariosApplicationTests]: InventariosApplicationTests does not declare any static, non-private, non-final, nested classes annotated with @Configuration.
13:13:48.798 [main] INFO org.springframework.boot.test.context.SpringBootTestContextBootstrapper -- Found @SpringBootConfiguration Lt.Inventarios.InventariosApplication for test class Lt.Inventarios.InventariosApplicationTests
[main] INFO : Lt.Inventarios.InventariosApplicationTests - Starting InventariosApplicationTests using Java 17.0.9 with PID 13348 (started by lauta in C:\Proyectos\Spring Boot\inventarios-backend)
[main] INFO : Lt.Inventarios.InventariosApplicationTests - No active profile set, falling back to 1 default profile: "default"
[main] INFO : org.springframework.data.repository.config.RepositoryConfigurationDelegate - Bootstrapping Spring Data JPA repositories in DEFAULT mode.
[main] INFO : org.springframework.data.repository.config.RepositoryConfigurationDelegate - Finished Spring Data repository scanning in 186 ms. Found 3 JPA repository interfaces.
[main] INFO : org.hibernate.jpa.internal.util.LogHelper - HHH000204: Processing PersistenceUnitInfo [name: default]
[main] INFO : org.hibernate.Version - HHH000412: Hibernate ORM core version 6.4.1.Final
[main] INFO : org.hibernate.cache.internal.RegionFactoryInitiator - HHH000026: Second-level cache disabled
[main] INFO : org.springframework.orm.jpa.persistenceunit.SpringPersistenceUnitInfo - No LoadTimeWeaver setup: ignoring JPA class transformer
[main] INFO : com.zaxxer.hikari.HikariDataSource - HikariPool-1 - Starting...
[main] INFO : com.zaxxer.hikari.pool.HikariPool - HikariPool-1 - Added connection com.mysql.cj.jdbc.ConnectionImpl@5fc7255c
[main] INFO : com.zaxxer.hikari.HikariDataSource - HikariPool-1 - Start completed.
[main] WARN : org.hibernate.orm.deprecation - HHH90000025: MySQLDialect does not need to be specified explicitly using 'hibernate.dialect' (remove the property setting and it will be selected by default)
[main] INFO : org.hibernate.engine.transaction.jta.platform.internal.JtaPlatformInitiator - HHH000489: No JTA platform available (set 'hibernate.transaction.jta.platform' to enable JTA platform integration)
Hibernate: create table empleado (documento varchar(255) not null, sector varchar(255) not null, id integer not null, primary key (id)) engine=InnoDB
Hibernate: create table producto (id_producto bigint not null auto_increment, descripcion varchar(255), existencia bigint, precio float(53), primary key (id_producto)) engine=InnoDB
Hibernate: create table user (id integer not null, country varchar(255), firstname varchar(255), lastname varchar(255), password varchar(255), role enum ('ADMIN','USER','EMPLEADO'), username varchar(255) not null, primary key (id)) engine=InnoDB
Hibernate: create table user_seq (next_val bigint) engine=InnoDB
Hibernate: insert into user_seq values ( 1 )
Hibernate: alter table user drop index UKsb8bbouer5wak8vyiiy4pf2bx
Hibernate: alter table user add constraint UKsb8bbouer5wak8vyiiy4pf2bx unique (username)
Hibernate: alter table empleado add constraint FKj12nwqbbalxmrlbb31jpx2omb foreign key (id) references user (id)
[main] INFO : org.springframework.orm.jpa.LocalContainerEntityManagerFactoryBean - Initialized JPA EntityManagerFactory for persistence unit 'default'
[main] INFO : org.springframework.data.jpa.repository.query.QueryEnhancerFactory - Hibernate is in classpath; If applicable, HQL parser will be used.
[main] WARN : org.springframework.boot.autoconfigure.orm.jpa.JpaBaseConfiguration$JpaWebConfiguration - spring.jpa.open-in-view is enabled by default. Therefore, database queries may be performed during view rendering. Explicitly configure spring.jpa.open-in-view to disable this warning
[main] INFO : org.springframework.security.web.DefaultSecurityFilterChain - Will secure any request with [org.springframework.security.web.session.DisableEncodeUrlFilter@c32908c, org.springframework.security.web.context.request.async.WebAsyncManagerIntegrationFilter@588b02a0, org.springframework.security.web.context.SecurityContextHolderFilter@18b8518b, org.springframework.security.web.header.HeaderWriterFilter@3ef7064b, org.springframework.web.filter.CorsFilter@2100b770, org.springframework.security.web.authentication.logout.LogoutFilter@5cb42eb2, Lt.Inventarios.Auth.Jwt.JwtAuthenticationFilter@21553c3a, org.springframework.security.web.savedrequest.RequestCacheAwareFilter@63fe055, org.springframework.security.web.servletapi.SecurityContextHolderAwareRequestFilter@50572c04, org.springframework.security.web.authentication.AnonymousAuthenticationFilter@349469db, org.springframework.security.web.session.SessionManagementFilter@144caca6, org.springframework.security.web.access.ExceptionTranslationFilter@7c144349, org.springframework.security.web.access.intercept.AuthorizationFilter@2a1fce44]
[main] INFO : Lt.Inventarios.InventariosApplicationTests - Started InventariosApplicationTests in 22.469 seconds (process running for 25.73)
]]></system-out>
  </testcase>
</testsuite>